 * Serving Flask app 'app' (lazy loading)
 * Environment: production
   WARNING: This is a development server. Do not use it in a production deployment.
   Use a production WSGI server instead.
 * Debug mode: on
 * Running on http://127.0.0.1:5000/ (Press CTRL+C to quit)
 * Restarting with stat
 * Debugger is active!
 * Debugger PIN: 140-848-276
127.0.0.1 - - [17/Feb/2024 16:18:58] "GET / HTTP/1.1" 200 -
127.0.0.1 - - [17/Feb/2024 16:19:00] "GET /favicon.ico HTTP/1.1" 404 -
GST_ARGUS: Creating output stream
CONSUMER: Waiting until producer is connected...
GST_ARGUS: Available Sensor modes :
GST_ARGUS: 3264 x 2464 FR = 21.000000 fps Duration = 47619048 ; Analog Gain range min 1.000000, max 10.625000; Exposure Range min 13000, max 683709000;

GST_ARGUS: 3264 x 1848 FR = 28.000001 fps Duration = 35714284 ; Analog Gain range min 1.000000, max 10.625000; Exposure Range min 13000, max 683709000;

GST_ARGUS: 1920 x 1080 FR = 29.999999 fps Duration = 33333334 ; Analog Gain range min 1.000000, max 10.625000; Exposure Range min 13000, max 683709000;

GST_ARGUS: 1640 x 1232 FR = 29.999999 fps Duration = 33333334 ; Analog Gain range min 1.000000, max 10.625000; Exposure Range min 13000, max 683709000;

GST_ARGUS: 1280 x 720 FR = 59.999999 fps Duration = 16666667 ; Analog Gain range min 1.000000, max 10.625000; Exposure Range min 13000, max 683709000;

GST_ARGUS: 1280 x 720 FR = 120.000005 fps Duration = 8333333 ; Analog Gain range min 1.000000, max 10.625000; Exposure Range min 13000, max 683709000;

GST_ARGUS: Running with following settings:
   Camera index = 0 
   Camera mode  = 2 
   Output Stream W = 1920 H = 1080 
   seconds to Run    = 0 
   Frame Rate = 29.999999 
GST_ARGUS: Setup Complete, Starting captures for 0 seconds
GST_ARGUS: Starting repeat capture requests.
CONSUMER: Producer has connected; continuing.
[ WARN:0] global /home/nvidia/host/build_opencv/nv_opencv/modules/videoio/src/cap_gstreamer.cpp (933) open OpenCV | GStreamer warning: Cannot query video position: status=0, value=-1, duration=-1
127.0.0.1 - - [17/Feb/2024 16:20:40] "GET / HTTP/1.1" 200 -
openCV version ====>  4.1.1
saved
saved
saved
saved
saved
saved
saved
saved
Traceback (most recent call last):
  File "../openCV/openCV_screenshot.py", line 13, in <module>
    ret, frame=cam.read()
KeyboardInterrupt
GST_ARGUS: Cleaning up
CONSUMER: Done Success
GST_ARGUS: Done Success
GST_ARGUS: Creating output stream
CONSUMER: Waiting until producer is connected...
GST_ARGUS: Available Sensor modes :
GST_ARGUS: 3264 x 2464 FR = 21.000000 fps Duration = 47619048 ; Analog Gain range min 1.000000, max 10.625000; Exposure Range min 13000, max 683709000;

GST_ARGUS: 3264 x 1848 FR = 28.000001 fps Duration = 35714284 ; Analog Gain range min 1.000000, max 10.625000; Exposure Range min 13000, max 683709000;

GST_ARGUS: 1920 x 1080 FR = 29.999999 fps Duration = 33333334 ; Analog Gain range min 1.000000, max 10.625000; Exposure Range min 13000, max 683709000;

GST_ARGUS: 1640 x 1232 FR = 29.999999 fps Duration = 33333334 ; Analog Gain range min 1.000000, max 10.625000; Exposure Range min 13000, max 683709000;

GST_ARGUS: 1280 x 720 FR = 59.999999 fps Duration = 16666667 ; Analog Gain range min 1.000000, max 10.625000; Exposure Range min 13000, max 683709000;

GST_ARGUS: 1280 x 720 FR = 120.000005 fps Duration = 8333333 ; Analog Gain range min 1.000000, max 10.625000; Exposure Range min 13000, max 683709000;

GST_ARGUS: Running with following settings:
   Camera index = 0 
   Camera mode  = 2 
   Output Stream W = 1920 H = 1080 
   seconds to Run    = 0 
   Frame Rate = 29.999999 
GST_ARGUS: Setup Complete, Starting captures for 0 seconds
GST_ARGUS: Starting repeat capture requests.
CONSUMER: Producer has connected; continuing.
[ WARN:0] global /home/nvidia/host/build_opencv/nv_opencv/modules/videoio/src/cap_gstreamer.cpp (933) open OpenCV | GStreamer warning: Cannot query video position: status=0, value=-1, duration=-1
Error generated. /dvs/git/dirty/git-master_linux/multimedia/nvgstreamer/gst-nvarguscamera/gstnvarguscamerasrc.cpp, execute:568 Failed to create CaptureSession
[ WARN:0] global /home/nvidia/host/build_opencv/nv_opencv/modules/videoio/src/cap_gstreamer.cpp (933) open OpenCV | GStreamer warning: Cannot query video position: status=0, value=-1, duration=-1
openCV version ====>  4.1.1
saved
Traceback (most recent call last):
  File "../openCV/openCV_screenshot.py", line 24, in <module>
    if cv2.waitKey(1)==ord('q'):
KeyboardInterrupt
openCV version ====>  4.1.1
saved
Traceback (most recent call last):
  File "../openCV/openCV_screenshot.py", line 13, in <module>
    ret, frame=cam.read()
KeyboardInterrupt
GST_ARGUS: Cleaning up
CONSUMER: Done Success
GST_ARGUS: Done Success
GST_ARGUS: Creating output stream
CONSUMER: Waiting until producer is connected...
GST_ARGUS: Available Sensor modes :
GST_ARGUS: 3264 x 2464 FR = 21.000000 fps Duration = 47619048 ; Analog Gain range min 1.000000, max 10.625000; Exposure Range min 13000, max 683709000;

GST_ARGUS: 3264 x 1848 FR = 28.000001 fps Duration = 35714284 ; Analog Gain range min 1.000000, max 10.625000; Exposure Range min 13000, max 683709000;

GST_ARGUS: 1920 x 1080 FR = 29.999999 fps Duration = 33333334 ; Analog Gain range min 1.000000, max 10.625000; Exposure Range min 13000, max 683709000;

GST_ARGUS: 1640 x 1232 FR = 29.999999 fps Duration = 33333334 ; Analog Gain range min 1.000000, max 10.625000; Exposure Range min 13000, max 683709000;

GST_ARGUS: 1280 x 720 FR = 59.999999 fps Duration = 16666667 ; Analog Gain range min 1.000000, max 10.625000; Exposure Range min 13000, max 683709000;

GST_ARGUS: 1280 x 720 FR = 120.000005 fps Duration = 8333333 ; Analog Gain range min 1.000000, max 10.625000; Exposure Range min 13000, max 683709000;

GST_ARGUS: Running with following settings:
   Camera index = 0 
   Camera mode  = 2 
   Output Stream W = 1920 H = 1080 
   seconds to Run    = 0 
   Frame Rate = 29.999999 
GST_ARGUS: Setup Complete, Starting captures for 0 seconds
GST_ARGUS: Starting repeat capture requests.
CONSUMER: Producer has connected; continuing.
[ WARN:0] global /home/nvidia/host/build_opencv/nv_opencv/modules/videoio/src/cap_gstreamer.cpp (933) open OpenCV | GStreamer warning: Cannot query video position: status=0, value=-1, duration=-1
Error generated. /dvs/git/dirty/git-master_linux/multimedia/nvgstreamer/gst-nvarguscamera/gstnvarguscamerasrc.cpp, execute:568 Failed to create CaptureSession
[ WARN:0] global /home/nvidia/host/build_opencv/nv_opencv/modules/videoio/src/cap_gstreamer.cpp (933) open OpenCV | GStreamer warning: Cannot query video position: status=0, value=-1, duration=-1
 * Serving Flask app 'app' (lazy loading)
 * Environment: production
   WARNING: This is a development server. Do not use it in a production deployment.
   Use a production WSGI server instead.
 * Debug mode: on
 * Running on http://127.0.0.1:5000/ (Press CTRL+C to quit)
 * Restarting with stat
 * Debugger is active!
 * Debugger PIN: 217-798-536
openCV version ====>  4.1.1
Traceback (most recent call last):
  File "../openCV/openCV_screenshot.py", line 24, in <module>
    if cv2.waitKey(1)==ord('q'):
KeyboardInterrupt
127.0.0.1 - - [17/Feb/2024 16:50:01] "GET / HTTP/1.1" 200 -
127.0.0.1 - - [17/Feb/2024 17:06:04] "GET / HTTP/1.1" 200 -
127.0.0.1 - - [17/Feb/2024 17:06:05] "GET /favicon.ico HTTP/1.1" 404 -
127.0.0.1 - - [17/Feb/2024 17:06:35] "GET / HTTP/1.1" 304 -
127.0.0.1 - - [17/Feb/2024 17:06:40] "GET / HTTP/1.1" 304 -
127.0.0.1 - - [17/Feb/2024 17:07:01] "GET / HTTP/1.1" 200 -
127.0.0.1 - - [17/Feb/2024 17:16:08] "GET / HTTP/1.1" 200 -
127.0.0.1 - - [17/Feb/2024 17:16:09] "GET /favicon.ico HTTP/1.1" 404 -
127.0.0.1 - - [17/Feb/2024 17:16:10] "GET / HTTP/1.1" 200 -
127.0.0.1 - - [17/Feb/2024 17:16:11] "GET /favicon.ico HTTP/1.1" 404 -
127.0.0.1 - - [17/Feb/2024 17:16:12] "GET / HTTP/1.1" 304 -
127.0.0.1 - - [17/Feb/2024 17:36:51] "GET / HTTP/1.1" 200 -
127.0.0.1 - - [17/Feb/2024 17:41:18] "GET / HTTP/1.1" 200 -
127.0.0.1 - - [17/Feb/2024 18:36:05] "GET /?fbclid=IwAR2hC5ITEfShBOKwgzAhNlkXqgtAOFTCZo3gFmF17yYju0TLGsaFJu2vg8I_aem_AUmqSCiBHpq7rqIPOeRJ_hdRPV3vaeffFLoMo9DKN2qHMbsd9NZ3RWenEE-7qBdAWYY HTTP/1.1" 200 -
127.0.0.1 - - [17/Feb/2024 18:37:32] "GET / HTTP/1.1" 200 -
127.0.0.1 - - [17/Feb/2024 20:40:34] "GET / HTTP/1.1" 200 -
127.0.0.1 - - [17/Feb/2024 21:41:30] "GET / HTTP/1.1" 200 -
127.0.0.1 - - [17/Feb/2024 21:41:38] "GET /favicon.ico HTTP/1.1" 404 -
127.0.0.1 - - [18/Feb/2024 00:02:19] "GET /favicon.ico HTTP/1.1" 404 -
127.0.0.1 - - [18/Feb/2024 00:02:24] "GET / HTTP/1.1" 200 -
127.0.0.1 - - [18/Feb/2024 00:13:04] "GET /?fbclid=PAAaZuKpkEBu6yPEzlH1q2xBQOaE4hNdWh7HrWM1Z-jl-NbeMxAHgSnDUNVN0 HTTP/1.1" 200 -
127.0.0.1 - - [18/Feb/2024 00:13:05] "GET /favicon.ico HTTP/1.1" 404 -
127.0.0.1 - - [18/Feb/2024 00:13:35] "GET /?fbclid=IwAR26smDcKP8FDB-k9m-Z-0w9mq_EPYqrTrRqzk-dsUZn2wD1l5KeCbmHeKo HTTP/1.1" 200 -
127.0.0.1 - - [18/Feb/2024 00:14:08] "GET / HTTP/1.1" 200 -
127.0.0.1 - - [18/Feb/2024 00:14:12] "GET /?fbclid=IwAR26smDcKP8FDB-k9m-Z-0w9mq_EPYqrTrRqzk-dsUZn2wD1l5KeCbmHeKo HTTP/1.1" 200 -
127.0.0.1 - - [18/Feb/2024 08:40:00] "GET /?fbclid=IwAR0I3TGBdduh0Oa_8xw556WsQZHCLlEOveh9n369QYb8cKeTS7m7lMybWI0 HTTP/1.1" 200 -
127.0.0.1 - - [18/Feb/2024 08:40:34] "GET / HTTP/1.1" 200 -
127.0.0.1 - - [18/Feb/2024 08:40:39] "GET /?fbclid=IwAR0I3TGBdduh0Oa_8xw556WsQZHCLlEOveh9n369QYb8cKeTS7m7lMybWI0 HTTP/1.1" 200 -
127.0.0.1 - - [18/Feb/2024 09:46:14] "GET / HTTP/1.1" 200 -
127.0.0.1 - - [18/Feb/2024 09:46:15] "GET /favicon.ico HTTP/1.1" 404 -
127.0.0.1 - - [18/Feb/2024 13:51:48] "GET / HTTP/1.1" 200 -
127.0.0.1 - - [18/Feb/2024 13:51:49] "GET /favicon.ico HTTP/1.1" 404 -
127.0.0.1 - - [18/Feb/2024 13:52:24] "GET / HTTP/1.1" 200 -
127.0.0.1 - - [18/Feb/2024 15:25:59] "GET / HTTP/1.1" 200 -
openCV version ====>  4.1.1
saved
saved
saved
saved
saved
saved
saved
saved
saved
saved
saved
saved
saved
saved
saved
saved
saved
saved
saved
saved
saved
saved
saved
saved
saved
saved
saved
saved
saved
saved
saved
saved
saved
saved
saved
saved
saved
saved
saved
saved
saved
saved
saved
saved
saved
saved
saved
saved
saved
saved
saved
saved
saved
saved
saved
saved
saved
saved
saved
saved
saved
saved
saved
saved
saved
saved
saved
saved
saved
saved
saved
saved
saved
saved
saved
saved
saved
saved
saved
saved
saved
saved
saved
saved
saved
saved
saved
saved
saved
saved
saved
saved
saved
saved
saved
saved
saved
saved
saved
saved
saved
saved
saved
saved
saved
saved
saved
saved
saved
saved
saved
saved
saved
saved
saved
saved
saved
saved
saved
saved
saved
saved
saved
saved
saved
saved
saved
saved
saved
saved
saved
saved
saved
saved
saved
saved
saved
saved
saved
saved
saved
saved
saved
saved
saved
saved
saved
saved
saved
saved
saved
saved
saved
saved
saved
saved
saved
saved
saved
saved
saved
saved
saved
saved
saved
saved
saved
saved
saved
saved
saved
saved
saved
saved
saved
saved
saved
saved
saved
saved
saved
saved
saved
saved
saved
saved
saved
saved
saved
saved
saved
saved
saved
saved
saved
saved
saved
saved
saved
saved
saved
saved
saved
saved
saved
saved
saved
saved
saved
saved
saved
saved
saved
saved
saved
saved
saved
saved
saved
saved
saved
saved
saved
saved
saved
saved
saved
saved
saved
saved
saved
saved
saved
saved
saved
saved
saved
saved
saved
saved
saved
saved
saved
saved
saved
saved
saved
saved
saved
saved
saved
saved
saved
saved
saved
saved
saved
saved
saved
saved
saved
saved
saved
saved
saved
saved
saved
saved
saved
saved
saved
saved
saved
saved
saved
saved
saved
saved
saved
saved
saved
saved
saved
saved
saved
saved
saved
saved
saved
saved
saved
saved
saved
saved
saved
saved
saved
saved
saved
saved
saved
saved
saved
saved
saved
saved
saved
saved
saved
saved
saved
saved
saved
saved
saved
saved
saved
saved
saved
saved
saved
saved
saved
saved
saved
saved
saved
saved
saved
saved
saved
saved
saved
saved
saved
saved
saved
saved
saved
saved
saved
saved
saved
saved
saved
saved
saved
saved
saved
saved
saved
saved
saved
saved
saved
saved
saved
saved
saved
saved
saved
saved
saved
saved
saved
saved
saved
saved
saved
saved
saved
saved
saved
saved
saved
saved
saved
saved
saved
saved
saved
saved
saved
saved
saved
saved
saved
saved
saved
saved
saved
saved
saved
saved
saved
saved
saved
saved
saved
saved
saved
saved
saved
saved
saved
saved
saved
saved
saved
saved
saved
saved
saved
saved
saved
saved
saved
saved
saved
saved
saved
saved
saved
saved
saved
saved
saved
saved
saved
saved
saved
saved
saved
saved
saved
saved
saved
saved
saved
saved
saved
saved
saved
saved
saved
saved
saved
saved
saved
saved
saved
saved
saved
saved
saved
saved
saved
saved
saved
saved
saved
saved
saved
saved
saved
saved
saved
saved
saved
saved
saved
saved
saved
saved
saved
saved
saved
saved
saved
saved
saved
saved
saved
saved
saved
saved
saved
saved
saved
saved
saved
saved
saved
saved
saved
saved
saved
saved
saved
saved
saved
saved
saved
saved
saved
saved
saved
saved
saved
saved
saved
saved
saved
saved
saved
saved
saved
saved
saved
saved
saved
saved
saved
saved
saved
saved
saved
saved
saved
saved
saved
saved
saved
saved
saved
saved
saved
saved
saved
saved
saved
saved
saved
saved
saved
saved
saved
saved
saved
saved
saved
saved
saved
saved
saved
saved
saved
saved
saved
saved
saved
saved
saved
saved
saved
saved
saved
saved
saved
saved
saved
saved
saved
saved
saved
saved
saved
saved
saved
saved
saved
saved
saved
saved
saved
saved
saved
saved
saved
saved
saved
saved
saved
saved
saved
saved
saved
saved
saved
saved
saved
saved
saved
saved
saved
saved
saved
saved
saved
saved
saved
saved
saved
saved
saved
saved
saved
saved
saved
saved
saved
saved
saved
saved
saved
saved
saved
saved
saved
saved
saved
saved
saved
saved
saved
saved
saved
saved
saved
saved
saved
saved
saved
saved
saved
saved
saved
saved
saved
saved
saved
saved
saved
saved
saved
saved
saved
saved
saved
saved
saved
saved
saved
saved
saved
saved
saved
saved
saved
saved
saved
saved
saved
saved
saved
saved
saved
saved
saved
saved
saved
saved
saved
saved
saved
saved
saved
saved
saved
saved
saved
saved
saved
saved
saved
saved
saved
saved
saved
saved
saved
saved
saved
saved
saved
saved
saved
saved
saved
saved
saved
saved
saved
saved
saved
saved
saved
saved
saved
saved
saved
saved
saved
saved
saved
saved
saved
saved
saved
saved
saved
saved
saved
saved
saved
saved
saved
saved
saved
saved
saved
saved
saved
saved
saved
saved
saved
saved
saved
saved
saved
saved
saved
saved
saved
saved
saved
saved
saved
saved
saved
saved
saved
saved
saved
saved
saved
saved
saved
saved
saved
saved
saved
saved
saved
saved
saved
saved
saved
saved
saved
saved
saved
saved
saved
saved
saved
saved
saved
saved
saved
saved
saved
saved
saved
saved
saved
saved
saved
saved
saved
saved
saved
saved
saved
saved
saved
saved
saved
saved
saved
saved
saved
saved
saved
saved
saved
saved
saved
saved
saved
saved
saved
saved
saved
saved
saved
saved
saved
saved
saved
saved
saved
saved
saved
saved
saved
saved
saved
saved
saved
saved
saved
saved
saved
saved
saved
saved
saved
saved
saved
saved
saved
saved
saved
saved
saved
saved
saved
saved
saved
saved
saved
saved
saved
saved
saved
saved
saved
saved
saved
saved
saved
saved
saved
saved
saved
saved
saved
saved
saved
saved
saved
saved
saved
saved
saved
saved
saved
saved
saved
saved
saved
saved
saved
saved
saved
saved
saved
saved
saved
saved
saved
saved
saved
saved
saved
saved
saved
saved
saved
saved
saved
saved
saved
saved
saved
saved
saved
saved
saved
saved
saved
saved
saved
saved
saved
saved
saved
saved
saved
saved
saved
saved
saved
saved
saved
saved
saved
saved
saved
saved
saved
saved
saved
saved
saved
saved
saved
saved
saved
saved
saved
saved
saved
saved
saved
saved
saved
saved
saved
saved
saved
saved
saved
saved
saved
saved
saved
saved
saved
saved
saved
saved
saved
saved
saved
saved
saved
saved
saved
saved
saved
saved
saved
saved
saved
saved
saved
saved
saved
saved
saved
saved
saved
saved
saved
saved
saved
saved
saved
saved
saved
saved
saved
saved
saved
saved
saved
saved
saved
saved
saved
saved
saved
saved
saved
saved
saved
saved
saved
saved
saved
saved
saved
saved
saved
saved
saved
saved
saved
saved
saved
saved
saved
saved
saved
saved
saved
saved
saved
saved
saved
saved
saved
saved
saved
saved
saved
saved
saved
saved
saved
saved
saved
saved
saved
saved
saved
saved
saved
saved
saved
saved
saved
saved
saved
saved
saved
saved
saved
saved
saved
saved
saved
saved
saved
saved
saved
saved
saved
saved
saved
saved
saved
saved
saved
saved
saved
saved
saved
saved
saved
saved
saved
saved
saved
saved
saved
saved
saved
saved
saved
saved
saved
saved
saved
saved
saved
saved
saved
saved
saved
saved
saved
saved
saved
saved
saved
saved
saved
saved
saved
saved
saved
saved
saved
saved
saved
saved
saved
saved
saved
saved
saved
saved
saved
saved
saved
saved
saved
saved
saved
saved
saved
saved
saved
saved
saved
saved
saved
saved
saved
saved
saved
saved
saved
saved
saved
saved
saved
saved
saved
saved
saved
saved
saved
saved
saved
saved
saved
saved
saved
saved
saved
saved
saved
saved
saved
saved
saved
saved
saved
saved
saved
saved
saved
saved
saved
saved
saved
saved
saved
saved
saved
saved
saved
saved
saved
saved
saved
saved
saved
saved
saved
saved
saved
saved
saved
saved
saved
saved
saved
saved
saved
saved
saved
saved
saved
saved
saved
saved
saved
saved
saved
saved
saved
saved
saved
saved
saved
saved
saved
saved
saved
saved
saved
saved
saved
saved
saved
saved
saved
saved
saved
saved
saved
saved
saved
saved
saved
saved
saved
saved
saved
saved
saved
saved
saved
saved
saved
saved
saved
saved
saved
saved
saved
saved
saved
saved
saved
saved
saved
saved
saved
saved
saved
saved
saved
saved
saved
saved
saved
saved
saved
saved
saved
saved
saved
saved
saved
saved
saved
saved
saved
saved
saved
saved
saved
saved
saved
saved
saved
saved
saved
saved
saved
saved
saved
saved
saved
saved
saved
saved
saved
saved
saved
saved
saved
saved
saved
saved
saved
saved
saved
saved
saved
saved
saved
saved
saved
saved
saved
saved
saved
saved
saved
saved
saved
saved
saved
saved
saved
saved
saved
saved
saved
saved
saved
saved
saved
saved
saved
saved
saved
saved
saved
saved
saved
saved
saved127.0.0.1 - - [18/Feb/2024 17:05:04] "GET / HTTP/1.1" 200 -
127.0.0.1 - - [18/Feb/2024 17:57:34] "GET / HTTP/1.1" 200 -
127.0.0.1 - - [18/Feb/2024 18:55:37] "GET / HTTP/1.1" 200 -
127.0.0.1 - - [18/Feb/2024 18:55:37] "GET /favicon.ico HTTP/1.1" 404 -
127.0.0.1 - - [18/Feb/2024 20:59:40] "GET / HTTP/1.1" 200 -
127.0.0.1 - - [18/Feb/2024 22:03:21] "GET / HTTP/1.1" 200 -
127.0.0.1 - - [18/Feb/2024 22:33:57] "GET / HTTP/1.1" 200 -
127.0.0.1 - - [19/Feb/2024 00:44:26] "GET / HTTP/1.1" 200 -
127.0.0.1 - - [19/Feb/2024 00:44:44] "GET / HTTP/1.1" 304 -
127.0.0.1 - - [19/Feb/2024 00:45:39] "GET / HTTP/1.1" 304 -
 * Serving Flask app 'app' (lazy loading)
 * Environment: production
   WARNING: This is a development server. Do not use it in a production deployment.
   Use a production WSGI server instead.
 * Debug mode: on
 * Running on http://127.0.0.1:5000/ (Press CTRL+C to quit)
 * Restarting with stat
 * Debugger is active!
 * Debugger PIN: 309-388-602
GST_ARGUS: Creating output stream
CONSUMER: Waiting until producer is connected...
GST_ARGUS: Available Sensor modes :
GST_ARGUS: 3264 x 2464 FR = 21.000000 fps Duration = 47619048 ; Analog Gain range min 1.000000, max 10.625000; Exposure Range min 13000, max 683709000;

GST_ARGUS: 3264 x 1848 FR = 28.000001 fps Duration = 35714284 ; Analog Gain range min 1.000000, max 10.625000; Exposure Range min 13000, max 683709000;

GST_ARGUS: 1920 x 1080 FR = 29.999999 fps Duration = 33333334 ; Analog Gain range min 1.000000, max 10.625000; Exposure Range min 13000, max 683709000;

GST_ARGUS: 1640 x 1232 FR = 29.999999 fps Duration = 33333334 ; Analog Gain range min 1.000000, max 10.625000; Exposure Range min 13000, max 683709000;

GST_ARGUS: 1280 x 720 FR = 59.999999 fps Duration = 16666667 ; Analog Gain range min 1.000000, max 10.625000; Exposure Range min 13000, max 683709000;

GST_ARGUS: 1280 x 720 FR = 120.000005 fps Duration = 8333333 ; Analog Gain range min 1.000000, max 10.625000; Exposure Range min 13000, max 683709000;

GST_ARGUS: Running with following settings:
   Camera index = 0 
   Camera mode  = 2 
   Output Stream W = 1920 H = 1080 
   seconds to Run    = 0 
   Frame Rate = 29.999999 
GST_ARGUS: Setup Complete, Starting captures for 0 seconds
GST_ARGUS: Starting repeat capture requests.
CONSUMER: Producer has connected; continuing.
[ WARN:0] global /home/nvidia/host/build_opencv/nv_opencv/modules/videoio/src/cap_gstreamer.cpp (933) open OpenCV | GStreamer warning: Cannot query video position: status=0, value=-1, duration=-1
127.0.0.1 - - [19/Feb/2024 10:08:43] "GET / HTTP/1.1" 200 -
127.0.0.1 - - [19/Feb/2024 10:09:36] "GET / HTTP/1.1" 200 -
127.0.0.1 - - [19/Feb/2024 10:17:27] "GET / HTTP/1.1" 200 -
127.0.0.1 - - [19/Feb/2024 10:18:09] "GET / HTTP/1.1" 200 -
127.0.0.1 - - [19/Feb/2024 10:19:20] "GET / HTTP/1.1" 200 -
127.0.0.1 - - [19/Feb/2024 10:21:55] "GET / HTTP/1.1" 304 -
127.0.0.1 - - [19/Feb/2024 10:22:21] "GET / HTTP/1.1" 200 -
127.0.0.1 - - [19/Feb/2024 10:22:24] "GET / HTTP/1.1" 304 -
127.0.0.1 - - [19/Feb/2024 10:23:02] "GET / HTTP/1.1" 200 -
127.0.0.1 - - [19/Feb/2024 10:24:03] "GET / HTTP/1.1" 200 -
127.0.0.1 - - [19/Feb/2024 10:25:03] "GET / HTTP/1.1" 200 -
127.0.0.1 - - [19/Feb/2024 11:38:27] "GET / HTTP/1.1" 200 -
GST_ARGUS: Creating output stream
CONSUMER: Waiting until producer is connected...
GST_ARGUS: Available Sensor modes :
GST_ARGUS: 3264 x 2464 FR = 21.000000 fps Duration = 47619048 ; Analog Gain range min 1.000000, max 10.625000; Exposure Range min 13000, max 683709000;

GST_ARGUS: 3264 x 1848 FR = 28.000001 fps Duration = 35714284 ; Analog Gain range min 1.000000, max 10.625000; Exposure Range min 13000, max 683709000;

GST_ARGUS: 1920 x 1080 FR = 29.999999 fps Duration = 33333334 ; Analog Gain range min 1.000000, max 10.625000; Exposure Range min 13000, max 683709000;

GST_ARGUS: 1640 x 1232 FR = 29.999999 fps Duration = 33333334 ; Analog Gain range min 1.000000, max 10.625000; Exposure Range min 13000, max 683709000;

GST_ARGUS: 1280 x 720 FR = 59.999999 fps Duration = 16666667 ; Analog Gain range min 1.000000, max 10.625000; Exposure Range min 13000, max 683709000;

GST_ARGUS: 1280 x 720 FR = 120.000005 fps Duration = 8333333 ; Analog Gain range min 1.000000, max 10.625000; Exposure Range min 13000, max 683709000;

GST_ARGUS: Running with following settings:
   Camera index = 0 
   Camera mode  = 2 
   Output Stream W = 1920 H = 1080 
   seconds to Run    = 0 
   Frame Rate = 29.999999 
GST_ARGUS: Setup Complete, Starting captures for 0 seconds
GST_ARGUS: Starting repeat capture requests.
CONSUMER: Producer has connected; continuing.
[ WARN:0] global /home/nvidia/host/build_opencv/nv_opencv/modules/videoio/src/cap_gstreamer.cpp (933) open OpenCV | GStreamer warning: Cannot query video position: status=0, value=-1, duration=-1
127.0.0.1 - - [19/Feb/2024 12:05:54] "GET / HTTP/1.1" 200 -
127.0.0.1 - - [19/Feb/2024 14:18:42] "GET / HTTP/1.1" 200 -
127.0.0.1 - - [19/Feb/2024 14:37:26] "GET / HTTP/1.1" 200 -
127.0.0.1 - - [19/Feb/2024 14:37:31] "GET / HTTP/1.1" 200 -
127.0.0.1 - - [19/Feb/2024 14:43:59] "GET / HTTP/1.1" 200 -
 * Detected change in '/home/anton/code/friendlyantz/nvidiaJetsonNano/webcam/app.py', reloading
 * Restarting with stat
 * Debugger is active!
 * Debugger PIN: 309-388-602
 * Serving Flask app 'app' (lazy loading)
 * Environment: production
   WARNING: This is a development server. Do not use it in a production deployment.
   Use a production WSGI server instead.
 * Debug mode: on
 * Running on http://127.0.0.1:5000/ (Press CTRL+C to quit)
 * Restarting with stat
 * Debugger is active!
 * Debugger PIN: 309-388-602
127.0.0.1 - - [19/Feb/2024 16:45:45] "GET /test HTTP/1.1" 200 -
127.0.0.1 - - [19/Feb/2024 16:45:53] "GET / HTTP/1.1" 200 -
127.0.0.1 - - [19/Feb/2024 16:59:37] "GET / HTTP/1.1" 200 -
127.0.0.1 - - [19/Feb/2024 16:59:38] "GET /favicon.ico HTTP/1.1" 404 -
127.0.0.1 - - [19/Feb/2024 17:10:39] "GET / HTTP/1.1" 200 -
127.0.0.1 - - [19/Feb/2024 17:13:09] "GET / HTTP/1.1" 200 -
127.0.0.1 - - [19/Feb/2024 17:13:10] "GET /favicon.ico HTTP/1.1" 404 -
127.0.0.1 - - [19/Feb/2024 17:14:41] "GET /test HTTP/1.1" 200 -
127.0.0.1 - - [19/Feb/2024 17:14:41] "GET /pictures/test.jpg HTTP/1.1" 200 -
127.0.0.1 - - [19/Feb/2024 18:03:40] "GET /?fbclid=PAAaYrXu6ZH4NzJh_DNv4AQ0EzGa74ta7sqWkjQy3CFXXYAz9g9grKSIqSRWg_aem_Acr5uELS9FHQK7bAt-osi-Mgk3iQ_HVSl5m5A4e8sWaSk-Io2duDlgBRgIcRNfnZxAw HTTP/1.1" 200 -
127.0.0.1 - - [19/Feb/2024 19:31:57] "GET / HTTP/1.1" 200 -
127.0.0.1 - - [19/Feb/2024 19:32:30] "GET /?fbclid=PAAaYsG82zGOH1TkOWHO_DNiaKFe51Va5b3ZyPnDG4em8STv3vWYtLTS3dvHg HTTP/1.1" 200 -
127.0.0.1 - - [19/Feb/2024 19:32:31] "GET /favicon.ico HTTP/1.1" 404 -
127.0.0.1 - - [19/Feb/2024 19:35:29] "GET / HTTP/1.1" 200 -
127.0.0.1 - - [19/Feb/2024 20:48:50] "GET /favicon.ico HTTP/1.1" 404 -
127.0.0.1 - - [19/Feb/2024 20:48:51] "GET / HTTP/1.1" 200 -
127.0.0.1 - - [19/Feb/2024 22:59:28] "GET / HTTP/1.1" 200 -
127.0.0.1 - - [19/Feb/2024 22:59:59] "GET /test HTTP/1.1" 200 -
127.0.0.1 - - [19/Feb/2024 23:00:00] "GET /pictures/test.jpg HTTP/1.1" 200 -
127.0.0.1 - - [20/Feb/2024 00:22:39] "GET / HTTP/1.1" 200 -
127.0.0.1 - - [20/Feb/2024 00:22:40] "GET /favicon.ico HTTP/1.1" 404 -
 * Serving Flask app 'app' (lazy loading)
 * Environment: production
   WARNING: This is a development server. Do not use it in a production deployment.
   Use a production WSGI server instead.
 * Debug mode: on
 * Running on http://127.0.0.1:5000/ (Press CTRL+C to quit)
 * Restarting with stat
 * Debugger is active!
 * Debugger PIN: 217-798-536
GST_ARGUS: Creating output stream
CONSUMER: Waiting until producer is connected...
GST_ARGUS: Available Sensor modes :
GST_ARGUS: 3264 x 2464 FR = 21.000000 fps Duration = 47619048 ; Analog Gain range min 1.000000, max 10.625000; Exposure Range min 13000, max 683709000;

GST_ARGUS: 3264 x 1848 FR = 28.000001 fps Duration = 35714284 ; Analog Gain range min 1.000000, max 10.625000; Exposure Range min 13000, max 683709000;

GST_ARGUS: 1920 x 1080 FR = 29.999999 fps Duration = 33333334 ; Analog Gain range min 1.000000, max 10.625000; Exposure Range min 13000, max 683709000;

GST_ARGUS: 1640 x 1232 FR = 29.999999 fps Duration = 33333334 ; Analog Gain range min 1.000000, max 10.625000; Exposure Range min 13000, max 683709000;

GST_ARGUS: 1280 x 720 FR = 59.999999 fps Duration = 16666667 ; Analog Gain range min 1.000000, max 10.625000; Exposure Range min 13000, max 683709000;

GST_ARGUS: 1280 x 720 FR = 120.000005 fps Duration = 8333333 ; Analog Gain range min 1.000000, max 10.625000; Exposure Range min 13000, max 683709000;

GST_ARGUS: Running with following settings:
   Camera index = 0 
   Camera mode  = 2 
   Output Stream W = 1920 H = 1080 
   seconds to Run    = 0 
   Frame Rate = 29.999999 
GST_ARGUS: Setup Complete, Starting captures for 0 seconds
GST_ARGUS: Starting repeat capture requests.
CONSUMER: Producer has connected; continuing.
[ WARN:0] global /home/nvidia/host/build_opencv/nv_opencv/modules/videoio/src/cap_gstreamer.cpp (933) open OpenCV | GStreamer warning: Cannot query video position: status=0, value=-1, duration=-1
127.0.0.1 - - [21/Feb/2024 09:49:10] "GET /test HTTP/1.1" 200 -
127.0.0.1 - - [21/Feb/2024 09:49:11] "GET /pictures/test.jpg HTTP/1.1" 200 -
127.0.0.1 - - [21/Feb/2024 09:49:12] "GET /favicon.ico HTTP/1.1" 404 -
127.0.0.1 - - [21/Feb/2024 09:49:16] "GET /test HTTP/1.1" 200 -
127.0.0.1 - - [21/Feb/2024 09:49:32] "GET / HTTP/1.1" 200 -
127.0.0.1 - - [21/Feb/2024 10:03:40] "GET / HTTP/1.1" 200 -
127.0.0.1 - - [21/Feb/2024 10:13:37] "GET / HTTP/1.1" 200 -
127.0.0.1 - - [21/Feb/2024 12:19:37] "GET / HTTP/1.1" 200 -
127.0.0.1 - - [21/Feb/2024 12:19:38] "GET /favicon.ico HTTP/1.1" 404 -
127.0.0.1 - - [21/Feb/2024 12:20:19] "GET / HTTP/1.1" 200 -
127.0.0.1 - - [21/Feb/2024 15:33:59] "GET / HTTP/1.1" 200 -
